Email sent to breakxcore@gmail.com (aeleon): null
Email sent to maximus.germaine@gmail.com (Agonrath): null
Email sent to lordofzerolion@gmail.com ([Kyo]): null
Email sent to vappyeon@hotmail.com (Yuu): null
Email sent to max_the_bat_162@hotmail.com (Lueshi): null
Email sent to vampire_breed@yahoo.com (RavenousMaw): null
Email sent to mellyborg@yahoo.com.au (Legacy5): null
Email sent to buhdababy@hotmail.com (Sinful): null
Email sent to blue_memo@hotmail.co.uk (Zellkova): null
Email sent to bittersweetpain87@yahoo.com (Danica_of_Elwes): null
Email sent to diceman770@yahoo.com (May-Day): null
Email sent to abocreature@gmail.com (Abocreature): null
Email sent to edgicale@gmail.com (Spectre): null
Email sent to mfuller12@charter.net (Rensai): null
Email sent to austinstuart96@gmail.com (Zakai): null
Email sent to skrepibolli@hotmail.com (Angel_Vampiress): null
Email sent to shinytriforce09@yahoo.com (Skadaddle09): null
Email sent to nodkane11@hotmail.com (RyuInnari): null
Email sent to dargariansshadow@hotmail.com (Kurse): null
Email sent to fire_dancer102@yahoo.com (fire_dancer): null
Email sent to ach@insightcounts.com (Dark_Wings): null
Email sent to lastonelaughing13@yahoo.com (Farly): null
Email sent to fighter_rose_003@yahoo.com (deadlynightpleasure): null
Email sent to sugar00sweet@gmail.com (evilroxmyworld): null
Email sent to glowingstar1952@hotmail.com (Aika): null